 %% PLEASE DO NOT MODIFY OR DELETE THIS FILE! %% 
 %% This file contains information about the installation of an application. %% 
 %% It will be used to automatically remove all application components from your computer if you choose to do so. %% 


NOTE: Beginning of the bootstrapper section

CONFIG: Title: "SMSList"

ACTION: RegKey: "HKEY_LOCAL_MACHINE\SOFTWARE\Microsoft\Windows\CurrentVersion", "SharedDLLs"

ACTION: SystemFile: "C:\WINDOWS\SYSTEM32\VB6STKIT.DLL"
(File currently on disk was already up to date)

ACTION: SystemFile: "C:\WINDOWS\SYSTEM32\COMCAT.DLL"
(File currently on disk was already up to date)

ACTION: SystemFile: "C:\WINDOWS\SYSTEM32\STDOLE2.TLB"
(File currently on disk was already up to date)

ACTION: SystemFile: "C:\WINDOWS\SYSTEM32\ASYCFILT.DLL"
(File currently on disk was already up to date)

ACTION: SystemFile: "C:\WINDOWS\SYSTEM32\OLEPRO32.DLL"
(File currently on disk was already up to date)

ACTION: SystemFile: "C:\WINDOWS\SYSTEM32\OLEAUT32.DLL"
(File currently on disk was already up to date)

ACTION: SystemFile: "C:\WINDOWS\SYSTEM32\msvbvm60.dll"
(File currently on disk was already up to date)

ACTION: DllSelfRegister: "C:\WINDOWS\SYSTEM32\COMCAT.DLL"

ACTION: TLBRegister: "C:\WINDOWS\SYSTEM32\STDOLE2.TLB"

ACTION: DllSelfRegister: "C:\WINDOWS\SYSTEM32\OLEPRO32.DLL"

ACTION: DllSelfRegister: "C:\WINDOWS\SYSTEM32\OLEAUT32.DLL"

ACTION: DllSelfRegister: "C:\WINDOWS\SYSTEM32\msvbvm60.dll"

NOTE: End of the bootstrapper section

NOTE: Now spawning the main Setup program 'Setup1.exe'....

ACTION: CreateDir: "C:\ProgramData\Microsoft\Windows\Start Menu\Programs\SMSList"

ACTION: CreateDir: "f:\Project\Doc"

ACTION: PrivateFile: "f:\Project\Doc\SMSList_it.chi"
(File was not found or was an older version -- new file copied)

ACTION: SharedFile: "C:\Windows\system32\hh.exe"
(File currently on disk was already up to date)

ACTION: SharedFile: "C:\Windows\system32\itircl.dll"
(File currently on disk was already up to date)

ACTION: SharedFile: "C:\Windows\system32\itss.dll"
(File currently on disk was already up to date)

ACTION: SharedFile: "C:\Windows\system32\hhctrl.ocx"
(File currently on disk was already up to date)

ACTION: PrivateFile: "f:\Project\Doc\SMSList_it.chm"
(File was not found or was an older version -- new file copied)

ACTION: PrivateFile: "f:\Project\readme.txt"
(File was not found or was an older version -- new file copied)

ACTION: CreateDir: "f:\Project\Bin"

ACTION: PrivateFile: "f:\Project\Bin\sms.wav"
(File was not found or was an older version -- new file copied)

ACTION: PrivateFile: "f:\Project\Bin\ring.wav"
(File was not found or was an older version -- new file copied)

ACTION: PrivateFile: "f:\Project\Bin\cmd.wav"
(File was not found or was an older version -- new file copied)

ACTION: PrivateFile: "f:\Project\Doc\License_ita.txt"
(File was not found or was an older version -- new file copied)

ACTION: PrivateFile: "f:\Project\Doc\License_eng.txt"
(File was not found or was an older version -- new file copied)

ACTION: PrivateFile: "f:\Project\Doc\Simple.css"
(File was not found or was an older version -- new file copied)

ACTION: PrivateFile: "f:\Project\Doc\LastSetupPage_ita.htm"
(File was not found or was an older version -- new file copied)

ACTION: PrivateFile: "f:\Project\Doc\LastSetupPage_eng.htm"
(File was not found or was an older version -- new file copied)

ACTION: CreateDir: "f:\Project\Data"

ACTION: CreateDir: "f:\Project\Data\List"

ACTION: PrivateFile: "f:\Project\Data\List\sample_phonebook.csv"
(File was not found or was an older version -- new file copied)

ACTION: PrivateFile: "f:\Project\Data\List\sample_messages.csv"
(File was not found or was an older version -- new file copied)

ACTION: PrivateFile: "f:\Project\Bin\Version.txt"
(File was not found or was an older version -- new file copied)

ACTION: PrivateFile: "C:\Windows\Uninstall_SMSList.bat"
(File was not found or was an older version -- new file copied)

ACTION: PrivateFile: "f:\Project\Doc\SMSList_en.chi"
(File was not found or was an older version -- new file copied)

ACTION: PrivateFile: "f:\Project\Doc\SMSList_en.chm"
(File was not found or was an older version -- new file copied)

ACTION: SharedFile: "C:\Windows\system32\tabctl32.ocx"
(File was not found or was an older version -- new file copied)

ACTION: SharedFile: "C:\Windows\system32\MSCOMCTL.OCX"
(File currently on disk was already up to date)

ACTION: SharedFile: "C:\Windows\system32\COMDLG32.OCX"
(File was not found or was an older version -- new file copied)

ACTION: PrivateFile: "f:\Project\Bin\regsp.exe"
(File was not found or was an older version -- new file copied)

ACTION: PrivateFile: "f:\Project\Bin\SMSLibX.ini"
(File was not found or was an older version -- new file copied)

ACTION: PrivateFile: "f:\Project\Bin\SMSLibX.dat"
(File was not found or was an older version -- new file copied)

ACTION: SharedFile: "C:\Windows\system32\MCI32.OCX"
(File was not found or was an older version -- new file copied)

ACTION: SharedFile: "C:\Windows\system32\MSCOMM32.OCX"
(File was not found or was an older version -- new file copied)

ACTION: PrivateFile: "f:\Project\Bin\SPort.dll"
(File was not found or was an older version -- new file copied)

ACTION: SystemFile: "C:\Windows\system32\MSVCRT.DLL"
(File currently on disk was already up to date)

ACTION: SharedFile: "C:\Windows\system32\scrrun.dll"
(File currently on disk was already up to date)

ACTION: PrivateFile: "f:\Project\Bin\SMSLibX.dll"
(File was not found or was an older version -- new file copied)

ACTION: PrivateFile: "f:\Project\Bin\SMSList.exe"
(File was not found or was an older version -- new file copied)

*** ERROR: DllRegisterServer() in the file 'C:\Windows\system32\itircl.dll' returned failure
*** DURING THIS ACTION: DllSelfRegister: "C:\Windows\system32\itircl.dll"

*** ERROR: DllRegisterServer() in the file 'C:\Windows\system32\itss.dll' returned failure
*** DURING THIS ACTION: DllSelfRegister: "C:\Windows\system32\itss.dll"

*** ERROR: DllRegisterServer() in the file 'C:\Windows\system32\hhctrl.ocx' returned failure
*** DURING THIS ACTION: DllSelfRegister: "C:\Windows\system32\hhctrl.ocx"

ACTION: DllSelfRegister: "C:\Windows\system32\tabctl32.ocx"

ACTION: DllSelfRegister: "C:\Windows\system32\MSCOMCTL.OCX"

ACTION: DllSelfRegister: "C:\Windows\system32\COMDLG32.OCX"

ACTION: DllSelfRegister: "C:\Windows\system32\MCI32.OCX"

ACTION: DllSelfRegister: "C:\Windows\system32\MSCOMM32.OCX"

ACTION: DllSelfRegister: "C:\Windows\system32\scrrun.dll"

ACTION: DllSelfRegister: "f:\Project\Bin\SMSLibX.dll"

ACTION: ShellLink: "SMSList", "SMSList"

ACTION: ShellLink: "SMSList", "SMSList User Manual  (ENG)"

ACTION: ShellLink: "SMSList", "SMSList User Manual  (ITA)"

ACTION: ShellLink: "SMSList", "Contacts and Support"

ACTION: ShellLink: "SMSList", "Uninstall SMSList"

ACTION: RegKey: "HKEY_LOCAL_MACHINE\SOFTWARE\Microsoft\Windows\CurrentVersion", "App Paths\SMSList.exe"

ACTION: RegValue: "HKEY_LOCAL_MACHINE\SOFTWARE\Microsoft\Windows\CurrentVersion\App Paths\SMSList.exe", ""

